[INFO] Scanning for projects...
[INFO] 
[INFO] -----------------< com.bridgelabz:EmployeePayrollApp >------------------
[INFO] Building  0.0.1-SNAPSHOT
[INFO]   from pom.xml
[INFO] --------------------------------[ jar ]---------------------------------
[INFO] 
[INFO] --- clean:3.5.0:clean (default-clean) @ EmployeePayrollApp ---
[INFO] Deleting D:\idealcij\EmployeePayrollApp\EmployeePayrollApp\target
[INFO] 
[INFO] --- resources:3.3.1:resources (default-resources) @ EmployeePayrollApp ---
[INFO] Copying 3 resources from src\main\resources to target\classes
[INFO] Copying 0 resource from src\main\resources to target\classes
[INFO] 
[INFO] --- compiler:3.14.1:compile (default-compile) @ EmployeePayrollApp ---
[INFO] Recompiling the module because of changed source code.
[INFO] Compiling 10 source files with javac [debug parameters release 17] to target\classes
[INFO] -------------------------------------------------------------
[ERROR] COMPILATION ERROR : 
[INFO] -------------------------------------------------------------
[ERROR] /D:/idealcij/EmployeePayrollApp/EmployeePayrollApp/src/main/java/com/bridgelabz/employeepayrollapp/controllers/EmployeePayrollController.java:[42,9] cannot find symbol
  symbol:   variable log
  location: class com.bridgelabz.employeepayrollapp.controllers.EmployeePayrollController
[ERROR] /D:/idealcij/EmployeePayrollApp/EmployeePayrollApp/src/main/java/com/bridgelabz/employeepayrollapp/controllers/EmployeePayrollController.java:[52,9] cannot find symbol
  symbol:   variable log
  location: class com.bridgelabz.employeepayrollapp.controllers.EmployeePayrollController
[ERROR] /D:/idealcij/EmployeePayrollApp/EmployeePayrollApp/src/main/java/com/bridgelabz/employeepayrollapp/exception/ExceptionHandler.java:[33,9] cannot find symbol
  symbol:   variable log
  location: class com.bridgelabz.employeepayrollapp.exception.ExceptionHandler
[INFO] 3 errors 
[INFO] -------------------------------------------------------------
[INFO] ------------------------------------------------------------------------
[INFO] BUILD FAILURE
[INFO] ------------------------------------------------------------------------
[INFO] Total time:  4.025 s
[INFO] Finished at: 2026-04-07T12:18:29+05:30
[INFO] ------------------------------------------------------------------------
[ERROR] Failed to execute goal org.apache.maven.plugins:maven-compiler-plugin:3.14.1:compile (default-compile) on project EmployeePayrollApp: Compilation failure: Compilation failure: 
[ERROR] /D:/idealcij/EmployeePayrollApp/EmployeePayrollApp/src/main/java/com/bridgelabz/employeepayrollapp/controllers/EmployeePayrollController.java:[42,9] cannot find symbol
[ERROR]   symbol:   variable log
[ERROR]   location: class com.bridgelabz.employeepayrollapp.controllers.EmployeePayrollController
[ERROR] /D:/idealcij/EmployeePayrollApp/EmployeePayrollApp/src/main/java/com/bridgelabz/employeepayrollapp/controllers/EmployeePayrollController.java:[52,9] cannot find symbol
[ERROR]   symbol:   variable log
[ERROR]   location: class com.bridgelabz.employeepayrollapp.controllers.EmployeePayrollController
[ERROR] /D:/idealcij/EmployeePayrollApp/EmployeePayrollApp/src/main/java/com/bridgelabz/employeepayrollapp/exception/ExceptionHandler.java:[33,9] cannot find symbol
[ERROR]   symbol:   variable log
[ERROR]   location: class com.bridgelabz.employeepayrollapp.exception.ExceptionHandler
[ERROR] -> [Help 1]
[ERROR] 
[ERROR] To see the full stack trace of the errors, re-run Maven with the -e switch.
[ERROR] Re-run Maven using the -X switch to enable full debug logging.
[ERROR] 
[ERROR] For more information about the errors and possible solutions, please read the following articles:
[ERROR] [Help 1] http://cwiki.apache.org/confluence/display/MAVEN/MojoFailureException
